Determining if the include file pthread.h exists failed with the following output:
Change Dir: C:/Users/Leonard/code/loadable_1/CMakeFiles/CMakeTmp

Run Build Command(s):C:/Program Files (x86)/Microsoft Visual Studio/2019/Community/MSBuild/Current/Bin/MSBuild.exe cmTC_c4dca.vcxproj /p:Configuration=Debug /p:Platform=x64 /p:VisualStudioVersion=16.0 /v:m && Microsoft (R) Build Engine version 16.11.2+f32259642 for .NET Framework
Copyright (C) Microsoft Corporation. All rights reserved.

  Microsoft (R) C/C++ Optimizing Compiler Version 19.29.30138 for x64
  Copyright (C) Microsoft Corporation.  All rights reserved.
  CheckIncludeFile.c
  cl /c /Zi /W1 /WX- /diagnostics:column /Od /Ob0 /D _MBCS /D WIN32 /D _WINDOWS /D "CMAKE_INTDIR=\"Debug\"" /Gm- /RTC1 /MDd /GS /fp:precise /Zc:wchar_t /Zc:forScope /Zc:inline /Fo"cmTC_c4dca.dir\Debug\\" /Fd"cmTC_c4dca.dir\Debug\vc142.pdb" /external:W1 /Gd /TC /errorReport:queue C:\Users\Leonard\code\loadable_1\CMakeFiles\CMakeTmp\CheckIncludeFile.c
C:\Users\Leonard\code\loadable_1\CMakeFiles\CMakeTmp\CheckIncludeFile.c(1,10): fatal error C1083: Cannot open include file: 'pthread.h': No such file or directory [C:\Users\Leonard\code\loadable_1\CMakeFiles\CMakeTmp\cmTC_c4dca.vcxproj]



Determining if the CXX compiler accepts the flag -features=no%anachronisms passed with the following output:
Change Dir: C:/Users/Leonard/code/loadable_1/CMakeFiles/CMakeTmp

Run Build Command(s):C:/Program Files (x86)/Microsoft Visual Studio/2019/Community/MSBuild/Current/Bin/MSBuild.exe cmTC_e4461.vcxproj /p:Configuration=Debug /p:Platform=x64 /p:VisualStudioVersion=16.0 /v:m && Microsoft (R) Build Engine version 16.11.2+f32259642 for .NET Framework
Copyright (C) Microsoft Corporation. All rights reserved.

  Microsoft (R) C/C++ Optimizing Compiler Version 19.29.30138 for x64
  Copyright (C) Microsoft Corporation.  All rights reserved.
  src.cxx
  cl /c /Zi /W1 /WX- /diagnostics:column /Od /Ob0 /D _MBCS /D WIN32 /D _WINDOWS /D "CMAKE_INTDIR=\"Debug\"" /Gm- /EHsc /RTC1 /MDd /GS /fp:precise /Zc:wchar_t /Zc:forScope /Zc:inline /GR /Fo"cmTC_e4461.dir\Debug\\" /Fd"cmTC_e4461.dir\Debug\vc142.pdb" /external:W1 /Gd /TP /errorReport:queue  /bigobj -features=no%%anachronisms C:\Users\Leonard\code\loadable_1\CMakeFiles\CMakeTmp\src.cxx
cl : command line warning D9002: ignoring unknown option '-features=no%%anachronisms' [C:\Users\Leonard\code\loadable_1\CMakeFiles\CMakeTmp\cmTC_e4461.vcxproj]
  cmTC_e4461.vcxproj -> C:\Users\Leonard\code\loadable_1\CMakeFiles\CMakeTmp\Debug\cmTC_e4461.exe


Source file was:
int main() { return 0;}

